0 info it worked if it ends with ok
1 verbose cli [ 'node', '/usr/local/bin/npm', '-g', 'install', 'nvm' ]
2 info using npm@2.12.1
3 info using node@v0.10.30
4 verbose install initial load of /usr/local/lib/package.json
5 verbose readDependencies loading dependencies from /usr/local/lib/package.json
6 silly cache add args [ 'nvm', null ]
7 verbose cache add spec nvm
8 silly cache add parsed spec { raw: 'nvm',
8 silly cache add   scope: null,
8 silly cache add   name: 'nvm',
8 silly cache add   rawSpec: '',
8 silly cache add   spec: '*',
8 silly cache add   type: 'range' }
9 silly addNamed nvm@*
10 verbose addNamed "*" is a valid semver range for nvm
11 silly addNameRange { name: 'nvm', range: '*', hasData: false }
12 silly mapToRegistry name nvm
13 silly mapToRegistry using default registry
14 silly mapToRegistry registry https://registry.npmjs.org/
15 silly mapToRegistry uri https://registry.npmjs.org/nvm
16 verbose addNameRange registry:https://registry.npmjs.org/nvm not in flight; fetching
17 verbose request uri https://registry.npmjs.org/nvm
18 verbose request no auth needed
19 info attempt registry request try #1 at 21:39:55
20 verbose request id baa45a26b4a53c84
21 http request GET https://registry.npmjs.org/nvm
22 http 200 https://registry.npmjs.org/nvm
23 silly get cb [ 200,
23 silly get   { server: 'nginx/1.10.1',
23 silly get     'content-type': 'application/json',
23 silly get     'last-modified': 'Sun, 13 Nov 2016 21:11:05 GMT',
23 silly get     etag: 'W/"5828d6e9-f85"',
23 silly get     'content-encoding': 'gzip',
23 silly get     'cache-control': 'max-age=300',
23 silly get     'content-length': '1430',
23 silly get     'accept-ranges': 'bytes',
23 silly get     date: 'Sat, 11 Feb 2017 05:39:55 GMT',
23 silly get     via: '1.1 varnish',
23 silly get     age: '0',
23 silly get     connection: 'keep-alive',
23 silly get     'x-served-by': 'cache-den6020-DEN',
23 silly get     'x-cache': 'MISS',
23 silly get     'x-cache-hits': '0',
23 silly get     'x-timer': 'S1486791595.374754,VS0,VE53',
23 silly get     vary: 'Accept-Encoding' } ]
24 verbose get saving nvm to /Users/jennywang/.npm/registry.npmjs.org/nvm/.cache.json
25 silly addNameRange number 2 { name: 'nvm', range: '*', hasData: true }
26 silly addNameRange versions [ 'nvm', [ '0.0.3', '0.0.4' ] ]
27 silly addNamed nvm@0.0.4
28 verbose addNamed "0.0.4" is a plain semver version for nvm
29 warn deprecated nvm@0.0.4: This is NOT the correct nvm. Visit http://nvm.sh and use the curl command to install it.
30 silly mapToRegistry name nvm
31 silly mapToRegistry using default registry
32 silly mapToRegistry registry https://registry.npmjs.org/
33 silly mapToRegistry uri https://registry.npmjs.org/nvm
34 verbose addRemoteTarball https://registry.npmjs.org/nvm/-/nvm-0.0.4.tgz not in flight; adding
35 verbose addRemoteTarball [ 'https://registry.npmjs.org/nvm/-/nvm-0.0.4.tgz',
35 verbose addRemoteTarball   '38a178e9d31b283508c92d15c9da861d1a9210bc' ]
36 info retry fetch attempt 1 at 21:39:55
37 info attempt registry request try #1 at 21:39:55
38 http fetch GET https://registry.npmjs.org/nvm/-/nvm-0.0.4.tgz
39 http fetch 200 https://registry.npmjs.org/nvm/-/nvm-0.0.4.tgz
40 silly fetchAndShaCheck shasum 38a178e9d31b283508c92d15c9da861d1a9210bc
41 verbose addTmpTarball /var/folders/wr/7ms_lmt55cn9w5v6yykkfmnc0000gn/T/npm-40249-e9da94a2/registry.npmjs.org/nvm/-/nvm-0.0.4.tgz not in flight; adding
42 verbose addTmpTarball already have metadata; skipping unpack for nvm@0.0.4
43 silly cache afterAdd nvm@0.0.4
44 verbose afterAdd /Users/jennywang/.npm/nvm/0.0.4/package/package.json not in flight; writing
45 verbose afterAdd /Users/jennywang/.npm/nvm/0.0.4/package/package.json written
46 silly install resolved [ { name: 'nvm',
46 silly install resolved     version: '0.0.4',
46 silly install resolved     description: 'Please use http://nvm.sh instead',
46 silly install resolved     dependencies: {},
46 silly install resolved     devDependencies: {},
46 silly install resolved     bin: { nvm: './bin/nvm' },
46 silly install resolved     scripts: { test: 'echo "Error: no test specified" && exit 1' },
46 silly install resolved     repository: { type: 'git', url: 'git://github.com/creationix/nvm.git' },
46 silly install resolved     keywords: [ 'local', 'node' ],
46 silly install resolved     author: { name: 'Jordan Harband', email: 'ljharb@gmail.com' },
46 silly install resolved     license: 'http://wtfpl.org/',
46 silly install resolved     bugs: { url: 'https://github.com/creationix/nvm/issues' },
46 silly install resolved     homepage: 'https://github.com/creationix/nvm#readme',
46 silly install resolved     _id: 'nvm@0.0.4',
46 silly install resolved     _shasum: '38a178e9d31b283508c92d15c9da861d1a9210bc',
46 silly install resolved     _from: 'nvm@*',
46 silly install resolved     _npmVersion: '3.10.3',
46 silly install resolved     _nodeVersion: '6.3.1',
46 silly install resolved     _npmUser: { name: 'ljharb', email: 'ljharb@gmail.com' },
46 silly install resolved     dist:
46 silly install resolved      { shasum: '38a178e9d31b283508c92d15c9da861d1a9210bc',
46 silly install resolved        tarball: 'https://registry.npmjs.org/nvm/-/nvm-0.0.4.tgz' },
46 silly install resolved     maintainers: [ [Object], [Object] ],
46 silly install resolved     _npmOperationalInternal:
46 silly install resolved      { host: 'packages-12-west.internal.npmjs.com',
46 silly install resolved        tmp: 'tmp/nvm-0.0.4.tgz_1470176095991_0.07210978143848479' },
46 silly install resolved     deprecated: 'This is NOT the correct nvm. Visit http://nvm.sh and use the curl command to install it.',
46 silly install resolved     directories: {},
46 silly install resolved     _resolved: 'https://registry.npmjs.org/nvm/-/nvm-0.0.4.tgz' } ]
47 info install nvm@0.0.4 into /usr/local/lib
48 info installOne nvm@0.0.4
49 verbose installOne of nvm to /usr/local/lib not in flight; installing
50 verbose lock using /Users/jennywang/.npm/_locks/nvm-68b9e48761174fe5.lock for /usr/local/lib/node_modules/nvm
51 silly install write writing nvm 0.0.4 to /usr/local/lib/node_modules/nvm
52 verbose unbuild lib/node_modules/nvm
53 silly gentlyRm /usr/local/lib/node_modules/nvm is being purged from base /usr/local
54 verbose gentlyRm don't care about contents; nuking /usr/local/lib/node_modules/nvm
55 verbose tar unpack /Users/jennywang/.npm/nvm/0.0.4/package.tgz
56 verbose tar unpacking to /usr/local/lib/node_modules/nvm
57 silly gentlyRm /usr/local/lib/node_modules/nvm is being purged
58 verbose gentlyRm don't care about contents; nuking /usr/local/lib/node_modules/nvm
59 silly gunzTarPerm modes [ '755', '644' ]
60 error tar.unpack untar error /Users/jennywang/.npm/nvm/0.0.4/package.tgz
61 verbose unlock done using /Users/jennywang/.npm/_locks/nvm-68b9e48761174fe5.lock for /usr/local/lib/node_modules/nvm
62 verbose fstream_path /usr/local/lib/node_modules/nvm
63 verbose fstream_type Directory
64 verbose fstream_class DirWriter
65 verbose stack Error: EACCES, mkdir '/usr/local/lib/node_modules/nvm'
66 verbose fstream_stack /usr/local/lib/node_modules/npm/node_modules/fstream/lib/dir-writer.js:35:25
66 verbose fstream_stack /usr/local/lib/node_modules/npm/node_modules/mkdirp/index.js:47:53
66 verbose fstream_stack Object.oncomplete (fs.js:107:15)
67 verbose cwd /Users/jennywang/development/bunch
68 error Darwin 16.4.0
69 error argv "node" "/usr/local/bin/npm" "-g" "install" "nvm"
70 error node v0.10.30
71 error npm  v2.12.1
72 error path /usr/local/lib/node_modules/nvm
73 error code EACCES
74 error errno 3
75 error Error: EACCES, mkdir '/usr/local/lib/node_modules/nvm'
75 error  { [Error: EACCES, mkdir '/usr/local/lib/node_modules/nvm']
75 error   errno: 3,
75 error   code: 'EACCES',
75 error   path: '/usr/local/lib/node_modules/nvm',
75 error   fstream_type: 'Directory',
75 error   fstream_path: '/usr/local/lib/node_modules/nvm',
75 error   fstream_class: 'DirWriter',
75 error   fstream_stack:
75 error    [ '/usr/local/lib/node_modules/npm/node_modules/fstream/lib/dir-writer.js:35:25',
75 error      '/usr/local/lib/node_modules/npm/node_modules/mkdirp/index.js:47:53',
75 error      'Object.oncomplete (fs.js:107:15)' ] }
76 error Please try running this command again as root/Administrator.
77 verbose exit [ 3, true ]
78 verbose unbuild lib/node_modules/nvm
79 silly gentlyRm /usr/local/lib/node_modules/nvm is being purged from base /usr/local
80 verbose gentlyRm don't care about contents; nuking /usr/local/lib/node_modules/nvm
